0 silly input [ 'test' ]
1 silly flags { _: [ 'run' ],
1 silly flags   'reject-cycles': false,
1 silly flags   rejectCycles: false,
1 silly flags   script: 'test',
1 silly flags   args: [] }
2 verbose rootPath /Users/tomc/LonelyPlanet/Repos/backpack
3 info version 2.11.0
4 silly existsSync /Users/tomc/LonelyPlanet/Repos/backpack/VERSION
5 info versioning independent
6 silly initialize attempt
7 silly initialize success
8 silly execute attempt
9 silly runScriptInDir test [] common-css
10 silly getExecOpts { cwd: '/Users/tomc/LonelyPlanet/Repos/backpack/packages/common-css' }
11 silly runScriptInDir test [] components
12 silly getExecOpts { cwd: '/Users/tomc/LonelyPlanet/Repos/backpack/packages/components' }
13 silly runScriptInDir test [] design-tokens
14 silly getExecOpts { cwd: '/Users/tomc/LonelyPlanet/Repos/backpack/packages/design-tokens' }
15 silly runScriptInDir test [] icons
16 silly getExecOpts { cwd: '/Users/tomc/LonelyPlanet/Repos/backpack/packages/icons' }
17 error test Errored while running script in '@lonelyplanet/components'
18 error execute callback with error
19 error Error: Command failed: npm run test
19 error Error: no test specified
19 error
19 error     at Promise.all.then.arr (/Users/tomc/LonelyPlanet/Repos/backpack/node_modules/lerna/node_modules/execa/index.js:236:11)
19 error     at <anonymous>
